#
# There is insufficient memory for the Java Runtime Environment to continue.
# Native memory allocation (malloc) failed to allocate 1048576 bytes for AllocateHeap
# Possible reasons:
#   The system is out of physical RAM or swap space
#   In 32 bit mode, the process size limit was hit
# Possible solutions:
#   Reduce memory load on the system
#   Increase physical memory or swap space
#   Check if swap backing store is full
#   Use 64 bit Java on a 64 bit OS
#   Decrease Java heap size (-Xmx/-Xms)
#   Decrease number of Java threads
#   Decrease Java thread stack sizes (-Xss)
#   Set larger code cache with -XX:ReservedCodeCacheSize=
# This output file may be truncated or incomplete.
#
#  Out of Memory Error (memory/allocation.inline.hpp:61), pid=10132, tid=0x0000000000001cec
#
# JRE version:  (8.0_181-b13) (build )
# Java VM: Java HotSpot(TM) 64-Bit Server VM (25.181-b13 mixed mode windows-amd64 compressed oops)
# Failed to write core dump. Minidumps are not enabled by default on client versions of Windows
#

---------------  T H R E A D  ---------------

Current thread (0x0000000002eee800):  JavaThread "Unknown thread" [_thread_in_vm, id=7404, stack(0x0000000002ef0000,0x0000000002ff0000)]

Stack: [0x0000000002ef0000,0x0000000002ff0000]
[error occurred during error reporting (printing stack bounds), id 0xc0000005]

Native frames: (J=compiled Java code, j=interpreted, Vv=VM code, C=native code)


---------------  P R O C E S S  ---------------

Java Threads: ( => current thread )

Other Threads:

=>0x0000000002eee800 (exited) JavaThread "Unknown thread" [_thread_in_vm, id=7404, stack(0x0000000002ef0000,0x0000000002ff0000)]

VM state:not at safepoint (normal execution)

VM Mutex/Monitor currently owned by a thread: None

Heap:
 PSYoungGen      total 36864K, used 634K [0x00000000d6b80000, 0x00000000d9480000, 0x0000000100000000)
  eden space 31744K, 2% used [0x00000000d6b80000,0x00000000d6c1eb90,0x00000000d8a80000)
  from space 5120K, 0% used [0x00000000d8f80000,0x00000000d8f80000,0x00000000d9480000)
  to   space 5120K, 0% used [0x00000000d8a80000,0x00000000d8a80000,0x00000000d8f80000)
 ParOldGen       total 84992K, used 0K [0x0000000084200000, 0x0000000089500000, 0x00000000d6b80000)
  object space 84992K, 0% used [0x0000000084200000,0x0000000084200000,0x0000000089500000)
 Metaspace       used 751K, capacity 4480K, committed 4480K, reserved 1056768K
  class space    used 76K, capacity 384K, committed 384K, reserved 1048576K

Card table byte_map: [0x00000000124b0000,0x0000000012890000] byte_map_base: 0x000000001208f000

Marking Bits: (ParMarkBitMap*) 0x000000005cf62d00
 Begin Bits: [0x0000000012f30000, 0x0000000014e28000)
 End Bits:   [0x0000000014e28000, 0x0000000016d20000)

Polling page: 0x0000000001040000

CodeCache: size=245760Kb used=327Kb max_used=327Kb free=245432Kb
 bounds [0x00000000030f0000, 0x0000000003360000, 0x00000000120f0000]
 total_blobs=57 nmethods=0 adapters=38
 compilation: enabled

Compilation events (0 events):
No events

GC Heap History (0 events):
No events

Deoptimization events (0 events):
No events

Classes redefined (0 events):
No events

Internal exceptions (0 events):
No events

Events (10 events):
Event: 0.038 loading class java/lang/Short
Event: 0.038 loading class java/lang/Short done
Event: 0.038 loading class java/lang/Integer
Event: 0.038 loading class java/lang/Integer done
Event: 0.038 loading class java/lang/Long
Event: 0.038 loading class java/lang/Long done
Event: 0.039 loading class java/lang/NullPointerException
Event: 0.040 loading class java/lang/NullPointerException done
Event: 0.040 loading class java/lang/ArithmeticException
Event: 0.040 loading class java/lang/ArithmeticException done


Dynamic libraries:
0x00007ff69eea0000 - 0x00007ff69eed7000 	C:\Program Files\Java\jre1.8.0_181\bin\javaw.exe
0x00007fff5ad30000 - 0x00007fff5af11000 	C:\WINDOWS\SYSTEM32\ntdll.dll
0x00007fff5aaf0000 - 0x00007fff5aba2000 	C:\WINDOWS\System32\KERNEL32.DLL
0x00007fff57300000 - 0x00007fff57573000 	C:\WINDOWS\System32\KERNELBASE.dll
0x00007fff5abb0000 - 0x00007fff5ac51000 	C:\WINDOWS\System32\ADVAPI32.dll
0x00007fff58a20000 - 0x00007fff58abe000 	C:\WINDOWS\System32\msvcrt.dll
0x00007fff595a0000 - 0x00007fff595fb000 	C:\WINDOWS\System32\sechost.dll
0x00007fff58fe0000 - 0x00007fff59104000 	C:\WINDOWS\System32\RPCRT4.dll
0x00007fff582e0000 - 0x00007fff58470000 	C:\WINDOWS\System32\USER32.dll
0x00007fff57a90000 - 0x00007fff57ab0000 	C:\WINDOWS\System32\win32u.dll
0x00007fff59620000 - 0x00007fff59648000 	C:\WINDOWS\System32\GDI32.dll
0x00007fff57580000 - 0x00007fff57712000 	C:\WINDOWS\System32\gdi32full.dll
0x00007fff571b0000 - 0x00007fff5724f000 	C:\WINDOWS\System32\msvcp_win.dll
0x00007fff57720000 - 0x00007fff5781a000 	C:\WINDOWS\System32\ucrtbase.dll
0x00007fff4af90000 - 0x00007fff4b1f9000 	C:\WINDOWS\WinSxS\amd64_microsoft.windows.common-controls_6595b64144ccf1df_6.0.17134.407_none_fb449d63306391e9\COMCTL32.dll
0x00007fff58c50000 - 0x00007fff58f72000 	C:\WINDOWS\System32\combase.dll
0x00007fff57a10000 - 0x00007fff57a8a000 	C:\WINDOWS\System32\bcryptPrimitives.dll
0x00007fff58b30000 - 0x00007fff58b5d000 	C:\WINDOWS\System32\IMM32.DLL
0x000000005c660000 - 0x000000005c732000 	C:\Program Files\Java\jre1.8.0_181\bin\msvcr100.dll
0x000000005c740000 - 0x000000005cfe2000 	C:\Program Files\Java\jre1.8.0_181\bin\server\jvm.dll
0x00007fff58b60000 - 0x00007fff58b68000 	C:\WINDOWS\System32\PSAPI.DLL
0x00007fff4b3a0000 - 0x00007fff4b3a9000 	C:\WINDOWS\SYSTEM32\WSOCK32.dll
0x00007fff54d90000 - 0x00007fff54db3000 	C:\WINDOWS\SYSTEM32\WINMM.dll
0x00007fff58270000 - 0x00007fff582dc000 	C:\WINDOWS\System32\WS2_32.dll
0x00007fff4b210000 - 0x00007fff4b21a000 	C:\WINDOWS\SYSTEM32\VERSION.dll
0x00007fff54d60000 - 0x00007fff54d8a000 	C:\WINDOWS\SYSTEM32\WINMMBASE.dll
0x00007fff57100000 - 0x00007fff57149000 	C:\WINDOWS\System32\cfgmgr32.dll
0x000000005d930000 - 0x000000005d93f000 	C:\Program Files\Java\jre1.8.0_181\bin\verify.dll
0x000000005d900000 - 0x000000005d929000 	C:\Program Files\Java\jre1.8.0_181\bin\java.dll
0x000000005d8e0000 - 0x000000005d8f6000 	C:\Program Files\Java\jre1.8.0_181\bin\zip.dll

VM Arguments:
jvm_args: -Dfile.encoding=Cp1252 
java_command: fracCalc.FracCalc
java_class_path (initial): C:\Program Files\Java\jre1.8.0_181\lib\resources.jar;C:\Program Files\Java\jre1.8.0_181\lib\rt.jar;C:\Program Files\Java\jre1.8.0_181\lib\jsse.jar;C:\Program Files\Java\jre1.8.0_181\lib\jce.jar;C:\Program Files\Java\jre1.8.0_181\lib\charsets.jar;C:\Program Files\Java\jre1.8.0_181\lib\jfr.jar;C:\Program Files\Java\jre1.8.0_181\lib\ext\access-bridge-64.jar;C:\Program Files\Java\jre1.8.0_181\lib\ext\cldrdata.jar;C:\Program Files\Java\jre1.8.0_181\lib\ext\dnsns.jar;C:\Program Files\Java\jre1.8.0_181\lib\ext\jaccess.jar;C:\Program Files\Java\jre1.8.0_181\lib\ext\jfxrt.jar;C:\Program Files\Java\jre1.8.0_181\lib\ext\localedata.jar;C:\Program Files\Java\jre1.8.0_181\lib\ext\nashorn.jar;C:\Program Files\Java\jre1.8.0_181\lib\ext\sunec.jar;C:\Program Files\Java\jre1.8.0_181\lib\ext\sunjce_provider.jar;C:\Program Files\Java\jre1.8.0_181\lib\ext\sunmscapi.jar;C:\Program Files\Java\jre1.8.0_181\lib\ext\sunpkcs11.jar;C:\Program Files\Java\jre1.8.0_181\lib\ext\zipfs.jar;C:\Users\Carolyn\workspace\FracCalc\bin;C:\Users\Carolyn\.p2\pool\plugins\org.junit_4.12.0.v201504281640\junit.jar;C:\Users\Carolyn\.p2\pool\plugins\org.hamcrest.core_1.3.0.v20180420-1519.jar;C:\Users\Carolyn\workspace\FracCalc\FracCalcTestHelper.jar
Launcher Type: SUN_STANDARD

Environment Variables:
PATH=C:/Program Files/Java/jre1.8.0_181/bin/server;C:/Program Files/Java/jre1.8.0_181/bin;C:/Program Files/Java/jre1.8.0_181/lib/amd64;C:\Program Files (x86)\Common Files\Oracle\Java\javapath;C:\ProgramData\Oracle\Java\javapath;C:\Program Files\Common Files\Microsoft Shared\Windows Live;C:\Program Files (x86)\Common Files\Microsoft Shared\Windows Live;C:\WINDOWS\system32;C:\WINDOWS;C:\WINDOWS\System32\Wbem;C:\WINDOWS\System32\WindowsPowerShell\v1.0\;C:\Program Files (x86)\Windows Live\Shared;C:\Program Files\Intel\WiFi\bin\;C:\Program Files\Common Files\Intel\WirelessCommon\;C:\Program Files (x86)\QuickTime\QTSystem\;C:\Program Files\PuTTY\;C:\WINDOWS\System32\OpenSSH\;C:\Program Files\nodejs\;C:\Program Files\Git\cmd;C:\Users\Carolyn\AppData\Local\Microsoft\WindowsApps;C:\Users\Carolyn\AppData\Roaming\npm;C:\Users\Carolyn\AppData\Local\atom\bin;C:\Users\Carolyn\Desktop;
USERNAME=Carolyn
OS=Windows_NT
PROCESSOR_IDENTIFIER=Intel64 Family 6 Model 37 Stepping 5, GenuineIntel



---------------  S Y S T E M  ---------------

OS: Windows 10.0 , 64 bit Build 17134 (10.0.17134.1)

CPU:total 4 (initial active 4) (2 cores per cpu, 2 threads per core) family 6 model 37 stepping 5, cmov, cx8, fxsr, mmx, sse, sse2, sse3, ssse3, sse4.1, sse4.2, popcnt, ht, tsc, tscinvbit

Memory: 4k page, physical 8110512k(4254248k free), swap 9159088k(6136k free)

vm_info: Java HotSpot(TM) 64-Bit Server VM (25.181-b13) for windows-amd64 JRE (1.8.0_181-b13), built on Jul  7 2018 04:01:33 by "java_re" with MS VC++ 10.0 (VS2010)

time: Sat Dec 08 22:33:52 2018
elapsed time: 0 seconds (0d 0h 0m 0s)

